[ 2013-12-12T22:43:17+08:00 ] 127.0.0.1 /index.php
INFO: [ app_begin ] --START--
INFO: ReadHtmlCache Behavior ::run [ RunTime:0.070134s ]
INFO: [ app_begin ] --END-- [ RunTime:0.115954s ]
INFO: [ view_parse ] --START--
INFO: ParseTemplate Behavior ::run [ RunTime:0.071742s ]
INFO: [ view_parse ] --END-- [ RunTime:0.071914s ]
INFO: [ view_filter ] --START--
NOTIC: [8] Use of undefined constant APP_TMPL_PATH - assumed 'APP_TMPL_PATH' G:\work\study\study_web\ThinkPHP\Lib\Behavior\ContentReplaceBehavior.class.php 第 40 行.
NOTIC: [8] Use of undefined constant APP_TMPL_PATH - assumed 'APP_TMPL_PATH' G:\work\study\study_web\ThinkPHP\Lib\Behavior\ContentReplaceBehavior.class.php 第 47 行.
INFO: ContentReplace Behavior ::run [ RunTime:0.008156s ]
INFO: TokenBuild Behavior ::run [ RunTime:0.001900s ]
INFO: WriteHtmlCache Behavior ::run [ RunTime:0.012423s ]
INFO: ShowRuntime Behavior ::run [ RunTime:0.001815s ]
INFO: [ view_filter ] --END-- [ RunTime:0.026042s ]
INFO: [ view_end ] --START--
INFO: ShowPageTrace Behavior ::run [ RunTime:0.002220s ]
INFO: [ view_end ] --END-- [ RunTime:0.002395s ]

[ 2013-12-12T22:43:26+08:00 ] 127.0.0.1 /index.php/Index/query
INFO: [ route_check ] --START--
INFO: CheckRoute Behavior ::run [ RunTime:0.023152s ]
INFO: [ route_check ] --END-- [ RunTime:0.023341s ]
INFO: [ app_begin ] --START--
INFO: ReadHtmlCache Behavior ::run [ RunTime:0.001536s ]
INFO: [ app_begin ] --END-- [ RunTime:0.001727s ]
SQL: SHOW COLUMNS FROM `tb_good_type` [ RunTime:0.002463s ]
SQL: SELECT * FROM `tb_good_type`  [ RunTime:0.000489s ]

[ 2013-12-12T22:53:33+08:00 ] 127.0.0.1 /index.php/Index/query
INFO: [ route_check ] --START--
INFO: CheckRoute Behavior ::run [ RunTime:0.001954s ]
INFO: [ route_check ] --END-- [ RunTime:0.002160s ]
INFO: [ app_begin ] --START--
INFO: ReadHtmlCache Behavior ::run [ RunTime:0.001523s ]
INFO: [ app_begin ] --END-- [ RunTime:0.001679s ]
SQL: SHOW COLUMNS FROM `tb_good_type` [ RunTime:0.004961s ]
SQL: SELECT * FROM `tb_good_type`  [ RunTime:0.003261s ]

[ 2013-12-12T23:01:41+08:00 ] 127.0.0.1 /index.php/Index/query
INFO: [ route_check ] --START--
INFO: CheckRoute Behavior ::run [ RunTime:0.002135s ]
INFO: [ route_check ] --END-- [ RunTime:0.003628s ]
INFO: [ app_begin ] --START--
INFO: ReadHtmlCache Behavior ::run [ RunTime:0.003898s ]
INFO: [ app_begin ] --END-- [ RunTime:0.004053s ]
NOTIC: 建议使用I方法替代_param
NOTIC: 建议使用I方法替代_param
NOTIC: 建议使用I方法替代_param
NOTIC: 建议使用I方法替代_param
NOTIC: 建议使用I方法替代_param
NOTIC: 建议使用I方法替代_param

[ 2013-12-12T23:02:25+08:00 ] 127.0.0.1 /index.php/Index/query?page=1&count=3&good_typeid=1
INFO: [ route_check ] --START--
INFO: CheckRoute Behavior ::run [ RunTime:0.004164s ]
INFO: [ route_check ] --END-- [ RunTime:0.004469s ]
INFO: [ app_begin ] --START--
INFO: ReadHtmlCache Behavior ::run [ RunTime:0.001918s ]
INFO: [ app_begin ] --END-- [ RunTime:0.002081s ]
NOTIC: 建议使用I方法替代_param
NOTIC: 建议使用I方法替代_param
NOTIC: 建议使用I方法替代_param
NOTIC: 建议使用I方法替代_param
NOTIC: 建议使用I方法替代_param
NOTIC: 建议使用I方法替代_param
NOTIC: [8] Undefined variable: t_good G:\work\study\study_web\Index\Lib\Action\IndexAction.class.php 第 27 行.
SQL: SHOW COLUMNS FROM `tb_good_type` [ RunTime:0.004579s ]
SQL:  select good_name,good_integral,good_no,good_imgurl,good_cash from  where good_typeid = 1  limit 0, 3 [ RunTime:0.015490s ]
ERR: 1064:You have an error in your SQL syntax; check the manual that corresponds to your MySQL server version for the right syntax to use near 'where good_typeid = 1  limit 0, 3' at line 1
 [ SQL语句 ] :  select good_name,good_integral,good_no,good_imgurl,good_cash from  where good_typeid = 1  limit 0, 3

[ 2013-12-12T23:03:33+08:00 ] 127.0.0.1 /index.php/Index/query?page=1&count=3&good_typeid=1
INFO: [ route_check ] --START--
INFO: CheckRoute Behavior ::run [ RunTime:0.002111s ]
INFO: [ route_check ] --END-- [ RunTime:0.002276s ]
INFO: [ app_begin ] --START--
INFO: ReadHtmlCache Behavior ::run [ RunTime:0.003553s ]
INFO: [ app_begin ] --END-- [ RunTime:0.003708s ]
NOTIC: 建议使用I方法替代_param
NOTIC: 建议使用I方法替代_param
NOTIC: 建议使用I方法替代_param
NOTIC: 建议使用I方法替代_param
NOTIC: 建议使用I方法替代_param
NOTIC: 建议使用I方法替代_param
NOTIC: [8] Undefined variable: t_good G:\work\study\study_web\Index\Lib\Action\IndexAction.class.php 第 27 行.
SQL: SHOW COLUMNS FROM `tb_good_type` [ RunTime:0.005063s ]
SQL:  select good_name,good_integral,good_no,good_imgurl,good_cash from  where good_typeid = 1  limit 0, 3 [ RunTime:0.000278s ]
ERR: 1064:You have an error in your SQL syntax; check the manual that corresponds to your MySQL server version for the right syntax to use near 'where good_typeid = 1  limit 0, 3' at line 1
 [ SQL语句 ] :  select good_name,good_integral,good_no,good_imgurl,good_cash from  where good_typeid = 1  limit 0, 3

[ 2013-12-12T23:03:36+08:00 ] 127.0.0.1 /index.php/Index/query?page=1&count=3&good_typeid=1
INFO: [ route_check ] --START--
INFO: CheckRoute Behavior ::run [ RunTime:0.001228s ]
INFO: [ route_check ] --END-- [ RunTime:0.001406s ]
INFO: [ app_begin ] --START--
INFO: ReadHtmlCache Behavior ::run [ RunTime:0.000859s ]
INFO: [ app_begin ] --END-- [ RunTime:0.000995s ]
NOTIC: 建议使用I方法替代_param
NOTIC: 建议使用I方法替代_param
NOTIC: 建议使用I方法替代_param
NOTIC: 建议使用I方法替代_param
NOTIC: 建议使用I方法替代_param
NOTIC: 建议使用I方法替代_param
NOTIC: [8] Undefined variable: t_good G:\work\study\study_web\Index\Lib\Action\IndexAction.class.php 第 27 行.
SQL: SHOW COLUMNS FROM `tb_good_type` [ RunTime:0.054673s ]
SQL:  select good_name,good_integral,good_no,good_imgurl,good_cash from  where good_typeid = 1  limit 0, 3 [ RunTime:0.004344s ]
ERR: 1064:You have an error in your SQL syntax; check the manual that corresponds to your MySQL server version for the right syntax to use near 'where good_typeid = 1  limit 0, 3' at line 1
 [ SQL语句 ] :  select good_name,good_integral,good_no,good_imgurl,good_cash from  where good_typeid = 1  limit 0, 3

[ 2013-12-12T23:04:04+08:00 ] 127.0.0.1 /index.php/Index/query?page=1&count=3&good_typeid=1
INFO: [ route_check ] --START--
INFO: CheckRoute Behavior ::run [ RunTime:0.001906s ]
INFO: [ route_check ] --END-- [ RunTime:0.002070s ]
INFO: [ app_begin ] --START--
INFO: ReadHtmlCache Behavior ::run [ RunTime:0.002099s ]
INFO: [ app_begin ] --END-- [ RunTime:0.002275s ]
NOTIC: 建议使用I方法替代_param
NOTIC: 建议使用I方法替代_param
NOTIC: 建议使用I方法替代_param
NOTIC: 建议使用I方法替代_param
NOTIC: 建议使用I方法替代_param
NOTIC: 建议使用I方法替代_param
NOTIC: [8] Undefined variable: t_good G:\work\study\study_web\Index\Lib\Action\IndexAction.class.php 第 27 行.
SQL: SHOW COLUMNS FROM `tb_good_type` [ RunTime:0.002413s ]
SQL:  select good_name,good_integral,good_no,good_imgurl,good_cash from  where good_typeid = 1  limit 0, 3 [ RunTime:0.003040s ]
ERR: 1064:You have an error in your SQL syntax; check the manual that corresponds to your MySQL server version for the right syntax to use near 'where good_typeid = 1  limit 0, 3' at line 1
 [ SQL语句 ] :  select good_name,good_integral,good_no,good_imgurl,good_cash from  where good_typeid = 1  limit 0, 3

[ 2013-12-12T23:05:03+08:00 ] 127.0.0.1 /index.php/Index/query?page=1&count=3&good_typeid=1
INFO: [ route_check ] --START--
INFO: CheckRoute Behavior ::run [ RunTime:0.001720s ]
INFO: [ route_check ] --END-- [ RunTime:0.001891s ]
INFO: [ app_begin ] --START--
INFO: ReadHtmlCache Behavior ::run [ RunTime:0.000871s ]
INFO: [ app_begin ] --END-- [ RunTime:0.001009s ]
NOTIC: 建议使用I方法替代_param
NOTIC: 建议使用I方法替代_param
NOTIC: 建议使用I方法替代_param
NOTIC: 建议使用I方法替代_param
NOTIC: 建议使用I方法替代_param
NOTIC: 建议使用I方法替代_param
SQL: SHOW COLUMNS FROM `tb_good_type` [ RunTime:0.004363s ]
SQL:  select good_name,good_integral,good_no,good_imgurl,good_cash from tb_good where good_typeid = 1  limit 0, 3 [ RunTime:0.047836s ]

[ 2013-12-12T23:05:21+08:00 ] 127.0.0.1 /index.php/Index/query?page=1&count=3&good_typeid=1
INFO: [ route_check ] --START--
INFO: CheckRoute Behavior ::run [ RunTime:0.001234s ]
INFO: [ route_check ] --END-- [ RunTime:0.001392s ]
INFO: [ app_begin ] --START--
INFO: ReadHtmlCache Behavior ::run [ RunTime:0.000825s ]
INFO: [ app_begin ] --END-- [ RunTime:0.000959s ]
NOTIC: 建议使用I方法替代_param
NOTIC: 建议使用I方法替代_param
NOTIC: 建议使用I方法替代_param
NOTIC: 建议使用I方法替代_param
NOTIC: 建议使用I方法替代_param
NOTIC: 建议使用I方法替代_param
SQL: SHOW COLUMNS FROM `tb_good_type` [ RunTime:0.002528s ]
SQL:  select good_name,good_integral,good_no,good_imgurl,good_cash from tb_good where good_typeid = 1  limit 0, 3 [ RunTime:0.003207s ]

[ 2013-12-12T23:07:41+08:00 ] 192.168.1.107 /?q=ffqDU-89LHuwRDAaXHCLkMirdqAOEX2IXcn_oMPZ4mzAlb8SMhy0fiL0FgwXrON7u34FxH9FJ096R6_QbHf21ifqaxAfeLhmnUKSDEflctgyKx0
INFO: [ app_begin ] --START--
INFO: ReadHtmlCache Behavior ::run [ RunTime:0.001676s ]
INFO: [ app_begin ] --END-- [ RunTime:0.001863s ]
INFO: [ view_parse ] --START--
INFO: ParseTemplate Behavior ::run [ RunTime:0.185612s ]
INFO: [ view_parse ] --END-- [ RunTime:0.185785s ]
INFO: [ view_filter ] --START--
NOTIC: [8] Use of undefined constant APP_TMPL_PATH - assumed 'APP_TMPL_PATH' G:\work\study\study_web\ThinkPHP\Lib\Behavior\ContentReplaceBehavior.class.php 第 40 行.
NOTIC: [8] Use of undefined constant APP_TMPL_PATH - assumed 'APP_TMPL_PATH' G:\work\study\study_web\ThinkPHP\Lib\Behavior\ContentReplaceBehavior.class.php 第 47 行.
INFO: ContentReplace Behavior ::run [ RunTime:0.001568s ]
INFO: TokenBuild Behavior ::run [ RunTime:0.002104s ]
INFO: WriteHtmlCache Behavior ::run [ RunTime:0.001717s ]
INFO: ShowRuntime Behavior ::run [ RunTime:0.001482s ]
INFO: [ view_filter ] --END-- [ RunTime:0.007252s ]
INFO: [ view_end ] --START--
INFO: ShowPageTrace Behavior ::run [ RunTime:0.001774s ]
INFO: [ view_end ] --END-- [ RunTime:0.001902s ]

[ 2013-12-12T23:38:03+08:00 ] 127.0.0.1 /index.php/Index/query
INFO: [ route_check ] --START--
INFO: CheckRoute Behavior ::run [ RunTime:0.001935s ]
INFO: [ route_check ] --END-- [ RunTime:0.002102s ]
INFO: [ app_begin ] --START--
INFO: ReadHtmlCache Behavior ::run [ RunTime:0.007602s ]
INFO: [ app_begin ] --END-- [ RunTime:0.007761s ]
NOTIC: 建议使用I方法替代_param
NOTIC: 建议使用I方法替代_param
NOTIC: 建议使用I方法替代_param
NOTIC: 建议使用I方法替代_param
NOTIC: 建议使用I方法替代_param
NOTIC: 建议使用I方法替代_param

